build/app/intermediates/manifest_merge_blame_file/release/manifest-merger-blame-release-report.txt
1<?xml version="1.0" encoding="utf-8"?>
2<!-- suppress ALL -->
3<manifest xmlns:android="http://schemas.android.com/apk/res/android"
4    package="com.example.shop_project"
5    android:versionCode="1"
6    android:versionName="1.0.0" >
7
8    <uses-sdk
9        android:minSdkVersion="21"
9-->src/main/AndroidManifest.xml
10        android:targetSdkVersion="30" />
10-->src/main/AndroidManifest.xml
11
12    <uses-permission android:name="android.permission.INTERNET" />
12-->src/main/AndroidManifest.xml:4:5-67
12-->src/main/AndroidManifest.xml:4:22-64
13    <uses-permission android:name="android.permission.RECORD_AUDIO" />
13-->src/main/AndroidManifest.xml:5:5-70
13-->src/main/AndroidManifest.xml:5:22-68
14    <uses-permission android:name="android.permission.READ_SMS" />
14-->src/main/AndroidManifest.xml:6:5-66
14-->src/main/AndroidManifest.xml:6:22-64
15    <uses-permission android:name="android.permission.WRITE_EXTERNAL_STORAGE" />
15-->src/main/AndroidManifest.xml:7:5-80
15-->src/main/AndroidManifest.xml:7:22-78
16    <uses-permission android:name="android.permission.FOREGROUND_SERVICE" />
16-->[:assets_audio_player] AndroidManifest.xml:7:5-77
16-->[:assets_audio_player] AndroidManifest.xml:7:22-74
17    <uses-permission android:name="android.permission.VIBRATE" />
17-->[:assets_audio_player] AndroidManifest.xml:8:5-66
17-->[:assets_audio_player] AndroidManifest.xml:8:22-63
18    <uses-permission android:name="android.permission.WAKE_LOCK" />
18-->[:assets_audio_player] AndroidManifest.xml:9:5-68
18-->[:assets_audio_player] AndroidManifest.xml:9:22-65
19    <uses-permission android:name="android.permission.BLUETOOTH" />
19-->[com.github.canardoux:flutter_sound_core:9.1.2] AndroidManifest.xml:11:5-68
19-->[com.github.canardoux:flutter_sound_core:9.1.2] AndroidManifest.xml:11:22-65
20    <uses-permission android:name="android.permission.MODIFY_AUDIO_SETTINGS" /> <!-- Include required permissions for Google Maps API to run. -->
20-->[com.github.canardoux:flutter_sound_core:9.1.2] AndroidManifest.xml:13:5-80
20-->[com.github.canardoux:flutter_sound_core:9.1.2] AndroidManifest.xml:13:22-77
21    <uses-permission android:name="android.permission.ACCESS_NETWORK_STATE" />
21-->[com.google.android.gms:play-services-maps:17.0.0] AndroidManifest.xml:23:5-79
21-->[com.google.android.gms:play-services-maps:17.0.0] AndroidManifest.xml:23:22-76
22
23    <uses-feature
23-->[com.google.android.gms:play-services-maps:17.0.0] AndroidManifest.xml:26:5-28:35
24        android:glEsVersion="0x00020000"
24-->[com.google.android.gms:play-services-maps:17.0.0] AndroidManifest.xml:27:9-41
25        android:required="true" />
25-->[com.google.android.gms:play-services-maps:17.0.0] AndroidManifest.xml:28:9-32
26
27    <application
27-->src/main/AndroidManifest.xml:8:4-45:19
28        android:appComponentFactory="androidx.core.app.CoreComponentFactory"
28-->[androidx.core:core:1.6.0] AndroidManifest.xml:24:18-86
29        android:icon="@mipmap/ic_launcher"
29-->src/main/AndroidManifest.xml:10:9-43
30        android:label="LocalsMart Vendor" >
30-->src/main/AndroidManifest.xml:9:9-42
31        <activity
31-->src/main/AndroidManifest.xml:11:9-39:20
32            android:name="com.example.shop_project.MainActivity"
32-->src/main/AndroidManifest.xml:12:13-41
33            android:configChanges="orientation|keyboardHidden|keyboard|screenSize|smallestScreenSize|locale|layoutDirection|fontScale|screenLayout|density|uiMode"
33-->src/main/AndroidManifest.xml:15:13-163
34            android:hardwareAccelerated="true"
34-->src/main/AndroidManifest.xml:16:13-47
35            android:launchMode="singleTop"
35-->src/main/AndroidManifest.xml:13:13-43
36            android:theme="@style/LaunchTheme"
36-->src/main/AndroidManifest.xml:14:13-47
37            android:windowSoftInputMode="adjustResize" >
37-->src/main/AndroidManifest.xml:17:13-55
38
39            <!--
40                 Specifies an Android theme to apply to this Activity as soon as
41                 the Android process has started. This theme is visible to the user
42                 while the Flutter UI initializes. After that, this theme continues
43                 to determine the Window background behind the Flutter UI.
44            -->
45            <meta-data
45-->src/main/AndroidManifest.xml:22:13-25:17
46                android:name="io.flutter.embedding.android.NormalTheme"
46-->src/main/AndroidManifest.xml:23:15-70
47                android:resource="@style/NormalTheme" />
47-->src/main/AndroidManifest.xml:24:15-52
48            <!--
49                 Displays an Android View that continues showing the launch screen
50                 Drawable until Flutter paints its first frame, then this splash
51                 screen fades out. A splash screen is useful to avoid any visual
52                 gap between the end of Android's launch screen and the painting of
53                 Flutter's first frame.
54            -->
55            <meta-data
55-->src/main/AndroidManifest.xml:31:13-34:17
56                android:name="io.flutter.embedding.android.SplashScreenDrawable"
56-->src/main/AndroidManifest.xml:32:15-79
57                android:resource="@drawable/launch_background" />
57-->src/main/AndroidManifest.xml:33:15-61
58
59            <intent-filter>
59-->src/main/AndroidManifest.xml:35:13-38:29
60                <action android:name="android.intent.action.MAIN" />
60-->src/main/AndroidManifest.xml:36:17-68
60-->src/main/AndroidManifest.xml:36:25-66
61
62                <category android:name="android.intent.category.LAUNCHER" />
62-->src/main/AndroidManifest.xml:37:17-76
62-->src/main/AndroidManifest.xml:37:27-74
63            </intent-filter>
64        </activity>
65        <!--
66             Don't delete the meta-data below.
67             This is used by the Flutter tool to generate GeneratedPluginRegistrant.java
68        -->
69        <meta-data
69-->src/main/AndroidManifest.xml:42:9-44:33
70            android:name="flutterEmbedding"
70-->src/main/AndroidManifest.xml:43:13-44
71            android:value="2" />
71-->src/main/AndroidManifest.xml:44:13-30
72
73        <provider
73-->[:image_picker] AndroidManifest.xml:8:9-16:20
74            android:name="io.flutter.plugins.imagepicker.ImagePickerFileProvider"
74-->[:image_picker] AndroidManifest.xml:9:13-82
75            android:authorities="com.example.shop_project.flutter.image_provider"
75-->[:image_picker] AndroidManifest.xml:10:13-74
76            android:exported="false"
76-->[:image_picker] AndroidManifest.xml:11:13-37
77            android:grantUriPermissions="true" >
77-->[:image_picker] AndroidManifest.xml:12:13-47
78            <meta-data
78-->[:image_picker] AndroidManifest.xml:13:13-15:75
79                android:name="android.support.FILE_PROVIDER_PATHS"
79-->[:image_picker] AndroidManifest.xml:14:17-67
80                android:resource="@xml/flutter_image_picker_file_paths" />
80-->[:image_picker] AndroidManifest.xml:15:17-72
81        </provider>
82
83        <activity
83-->[:url_launcher_android] AndroidManifest.xml:8:9-11:74
84            android:name="io.flutter.plugins.urllauncher.WebViewActivity"
84-->[:url_launcher_android] AndroidManifest.xml:9:13-74
85            android:exported="false"
85-->[:url_launcher_android] AndroidManifest.xml:10:13-37
86            android:theme="@android:style/Theme.NoTitleBar.Fullscreen" />
86-->[:url_launcher_android] AndroidManifest.xml:11:13-71
87
88        <receiver
88-->[:assets_audio_player] AndroidManifest.xml:12:9-14:40
89            android:name="com.github.florent37.assets_audio_player.notification.NotificationActionReceiver"
89-->[:assets_audio_player] AndroidManifest.xml:13:13-108
90            android:exported="false" />
90-->[:assets_audio_player] AndroidManifest.xml:14:13-37
91        <receiver
91-->[:assets_audio_player] AndroidManifest.xml:15:9-21:20
92            android:name="com.github.florent37.assets_audio_player.notification.CustomMediaButtonReceiver"
92-->[:assets_audio_player] AndroidManifest.xml:16:13-107
93            android:exported="false" >
93-->[:assets_audio_player] AndroidManifest.xml:17:13-37
94            <intent-filter>
94-->[:assets_audio_player] AndroidManifest.xml:18:13-20:29
95                <action android:name="android.intent.action.MEDIA_BUTTON" />
95-->[:assets_audio_player] AndroidManifest.xml:19:17-77
95-->[:assets_audio_player] AndroidManifest.xml:19:25-74
96            </intent-filter>
97        </receiver>
98
99        <service
99-->[:assets_audio_player] AndroidManifest.xml:23:9-33:19
100            android:name="com.github.florent37.assets_audio_player.notification.NotificationService"
100-->[:assets_audio_player] AndroidManifest.xml:24:13-101
101            android:enabled="true"
101-->[:assets_audio_player] AndroidManifest.xml:25:13-35
102            android:exported="true" >
102-->[:assets_audio_player] AndroidManifest.xml:26:13-36
103
104            <!--
105            <intent-filter>
106                <action android:name="android.intent.action.MEDIA_BUTTON" />
107            </intent-filter>
108            -->
109        </service>
110
111        <activity
111-->[:razorpay_flutter] AndroidManifest.xml:8:9-12:20
112            android:name="com.razorpay.CheckoutActivity"
112-->[:razorpay_flutter] AndroidManifest.xml:9:13-57
113            android:configChanges="keyboard|keyboardHidden|orientation|screenSize"
113-->[com.razorpay:checkout:1.6.15] AndroidManifest.xml:20:13-83
114            android:exported="false"
114-->[:razorpay_flutter] AndroidManifest.xml:10:13-37
115            android:label="Razorpay Checkout"
115-->[:razorpay_flutter] AndroidManifest.xml:11:13-46
116            android:theme="@style/CheckoutTheme" >
116-->[com.razorpay:checkout:1.6.15] AndroidManifest.xml:21:13-49
117            <intent-filter>
117-->[com.razorpay:checkout:1.6.15] AndroidManifest.xml:22:13-28:29
118                <action android:name="android.intent.action.MAIN" />
118-->src/main/AndroidManifest.xml:36:17-68
118-->src/main/AndroidManifest.xml:36:25-66
119
120                <data
120-->[com.razorpay:checkout:1.6.15] AndroidManifest.xml:25:17-27:47
121                    android:host="rzp.io"
121-->[com.razorpay:checkout:1.6.15] AndroidManifest.xml:26:21-42
122                    android:scheme="io.rzp" />
122-->[com.razorpay:checkout:1.6.15] AndroidManifest.xml:27:21-44
123            </intent-filter>
124        </activity>
125
126        <receiver
126-->[:razorpay_flutter] AndroidManifest.xml:14:9-20:20
127            android:name="com.razorpay.RzpTokenReceiver"
127-->[:razorpay_flutter] AndroidManifest.xml:15:13-57
128            android:exported="false" >
128-->[:razorpay_flutter] AndroidManifest.xml:16:13-37
129            <intent-filter>
129-->[:razorpay_flutter] AndroidManifest.xml:17:13-19:29
130                <action android:name="rzp.device_token.share" />
130-->[:razorpay_flutter] AndroidManifest.xml:18:17-65
130-->[:razorpay_flutter] AndroidManifest.xml:18:25-62
131            </intent-filter>
132        </receiver>
133
134        <uses-library
134-->[androidx.window:window:1.0.0-beta04] AndroidManifest.xml:25:9-27:40
135            android:name="androidx.window.extensions"
135-->[androidx.window:window:1.0.0-beta04] AndroidManifest.xml:26:13-54
136            android:required="false" />
136-->[androidx.window:window:1.0.0-beta04] AndroidManifest.xml:27:13-37
137        <uses-library
137-->[androidx.window:window:1.0.0-beta04] AndroidManifest.xml:28:9-30:40
138            android:name="androidx.window.sidecar"
138-->[androidx.window:window:1.0.0-beta04] AndroidManifest.xml:29:13-51
139            android:required="false" />
139-->[androidx.window:window:1.0.0-beta04] AndroidManifest.xml:30:13-37
140
141        <meta-data
141-->[com.razorpay:checkout:1.6.15] AndroidManifest.xml:31:9-33:58
142            android:name="com.razorpay.plugin.googlepay_all"
142-->[com.razorpay:checkout:1.6.15] AndroidManifest.xml:32:13-61
143            android:value="com.razorpay.RzpGpayMerged" />
143-->[com.razorpay:checkout:1.6.15] AndroidManifest.xml:33:13-55
144
145        <activity
145-->[com.google.android.gms:play-services-auth:17.0.0] AndroidManifest.xml:23:9-27:75
146            android:name="com.google.android.gms.auth.api.signin.internal.SignInHubActivity"
146-->[com.google.android.gms:play-services-auth:17.0.0] AndroidManifest.xml:24:13-93
147            android:excludeFromRecents="true"
147-->[com.google.android.gms:play-services-auth:17.0.0] AndroidManifest.xml:25:13-46
148            android:exported="false"
148-->[com.google.android.gms:play-services-auth:17.0.0] AndroidManifest.xml:26:13-37
149            android:theme="@android:style/Theme.Translucent.NoTitleBar" />
149-->[com.google.android.gms:play-services-auth:17.0.0] AndroidManifest.xml:27:13-72
150        <!--
151            Service handling Google Sign-In user revocation. For apps that do not integrate with
152            Google Sign-In, this service will never be started.
153        -->
154        <service
154-->[com.google.android.gms:play-services-auth:17.0.0] AndroidManifest.xml:33:9-36:110
155            android:name="com.google.android.gms.auth.api.signin.RevocationBoundService"
155-->[com.google.android.gms:play-services-auth:17.0.0] AndroidManifest.xml:34:13-89
156            android:exported="true"
156-->[com.google.android.gms:play-services-auth:17.0.0] AndroidManifest.xml:35:13-36
157            android:permission="com.google.android.gms.auth.api.signin.permission.REVOCATION_NOTIFICATION" /> <!-- Needs to be explicitly declared on P+ -->
157-->[com.google.android.gms:play-services-auth:17.0.0] AndroidManifest.xml:36:13-107
158        <uses-library
158-->[com.google.android.gms:play-services-maps:17.0.0] AndroidManifest.xml:33:9-35:40
159            android:name="org.apache.http.legacy"
159-->[com.google.android.gms:play-services-maps:17.0.0] AndroidManifest.xml:34:13-50
160            android:required="false" />
160-->[com.google.android.gms:play-services-maps:17.0.0] AndroidManifest.xml:35:13-37
161
162        <activity
162-->[com.google.android.gms:play-services-base:17.5.0] AndroidManifest.xml:23:9-26:75
163            android:name="com.google.android.gms.common.api.GoogleApiActivity"
163-->[com.google.android.gms:play-services-base:17.5.0] AndroidManifest.xml:24:13-79
164            android:exported="false"
164-->[com.google.android.gms:play-services-base:17.5.0] AndroidManifest.xml:25:13-37
165            android:theme="@android:style/Theme.Translucent.NoTitleBar" />
165-->[com.google.android.gms:play-services-base:17.5.0] AndroidManifest.xml:26:13-72
166
167        <meta-data
167-->[com.google.android.gms:play-services-basement:17.6.0] AndroidManifest.xml:23:9-25:69
168            android:name="com.google.android.gms.version"
168-->[com.google.android.gms:play-services-basement:17.6.0] AndroidManifest.xml:24:13-58
169            android:value="@integer/google_play_services_version" />
169-->[com.google.android.gms:play-services-basement:17.6.0] AndroidManifest.xml:25:13-66
170    </application>
171
172</manifest>